<?xml version="1.0" encoding="UTF-8"?>
<!-- Generated by org.testng.reporters.JUnitReportReporter -->
<testsuite hostname="HP" failures="0" tests="1" name="TestBase.TestBase" time="15.308" errors="0" timestamp="2024-03-23T02:25:00 IST" skipped="0">
  <testcase classname="TestBase.TestBase" name="testLoginPage" time="15.308"/>
  <system-out/>
</testsuite> <!-- TestBase.TestBase -->
