<?xml version="1.0" encoding="UTF-8"?>
<!-- Generated by org.testng.reporters.JUnitReportReporter -->
<testsuite hostname="HP" failures="0" tests="2" name="pix.Pixabay.com.TestBase" time="5.563" errors="0" timestamp="2024-03-21T00:48:47 IST" skipped="0">
  <testcase classname="pix.Pixabay.com.TestBase" name="testLoginPage" time="2.146"/>
  <system-out/>
  <testcase classname="pix.Pixabay.com.TestBase" name="testPortfolioPage" time="3.417"/>
  <system-out/>
</testsuite> <!-- pix.Pixabay.com.TestBase -->
